{'+': 3, 'N': 1, '|': 2}
{'Expected classes': 3, 'fid': '122'}
{'+': 3, 'N': 1, 'a': 2}
{'Expected classes': 3, 'fid': '113'}
{'+': 5, 'N': 2, 'R': 1, '|': 4, '~': 3}
{'Expected classes': 5, 'fid': '212'}
{'+': 3, 'F': 5, 'L': 1, 'V': 2, '~': 4}
{'Expected classes': 5, 'fid': '109'}
{'+': 3, 'A': 4, 'F': 5, 'N': 1, 'V': 2, '|': 7, '~': 6}
{'Expected classes': 7, 'fid': '205'}
{'+': 3, 'A': 4, 'F': 5, 'N': 2, 'V': 1, '|': 6}
{'Expected classes': 6, 'fid': '233'}
{'+': 3, 'A': 6, 'N': 1, 'Q': 5, '|': 4, '~': 2}
{'Expected classes': 6, 'fid': '101'}
{'+': 6, 'N': 1, 'Q': 5, 'V': 4, '|': 3, '~': 2}
{'Expected classes': 6, 'fid': '105'}
{'+': 4, 'A': 5, 'F': 2, 'N': 1, 'V': 3, 'a': 6}
{'Expected classes': 6, 'fid': '213'}
{'+': 4, 'F': 1, 'N': 2, 'Q': 7, 'S': 8, 'V': 3, '|': 5, '~': 6}
{'Expected classes': 8, 'fid': '208'}
{'+': 3, 'A': 5, 'F': 6, 'N': 1, 'V': 2, '~': 4}
{'Expected classes': 6, 'fid': '200'}
{'+': 5, 'J': 3, 'N': 1, 'V': 2, '~': 4}
{'Expected classes': 5, 'fid': '234'}
{'"': 3, '+': 4, 'A': 7, 'N': 2, 'R': 1, 'V': 5, 'x': 6}
{'Expected classes': 7, 'fid': '231'}
{'+': 6, 'E': 7, 'F': 5, 'N': 1, 'V': 3, 'a': 2, '|': 8, '~': 4}
{'Expected classes': 8, 'fid': '210'}
{'+': 6, 'A': 2, 'R': 1, 'V': 4, 'x': 5, '~': 3}
{'Expected classes': 6, 'fid': '118'}
{ '+': 4,
  'A': 7,
  'F': 10,
  'J': 6,
  'N': 1,
  'V': 3,
  'a': 2,
  'j': 8,
  'x': 5,
  '~': 9}
{'Expected classes': 10, 'fid': '201'}
{'+': 2, 'L': 1, 'V': 3, '~': 4}
{'Expected classes': 4, 'fid': '111'}
{'+': 4, 'A': 6, 'F': 5, 'J': 2, 'R': 1, 'V': 3, 'j': 7, '~': 8}
{'Expected classes': 8, 'fid': '124'}
{'+': 4, '/': 1, 'N': 3, 'V': 5, 'f': 2, '|': 6, '~': 7}
{'Expected classes': 7, 'fid': '217'}
{'+': 3, 'A': 4, 'F': 6, 'N': 1, 'V': 5, 'a': 2, '|': 7}
{'Expected classes': 7, 'fid': '202'}
{'+': 4, 'F': 8, 'N': 1, 'Q': 5, 'V': 2, 'a': 7, '|': 6, '~': 3}
{'Expected classes': 8, 'fid': '203'}
{'"': 7, '+': 6, 'A': 5, 'F': 4, 'N': 2, 'V': 1, '~': 3}
{'Expected classes': 7, 'fid': '215'}
{'+': 6, '/': 2, 'N': 3, 'Q': 5, 'V': 4, 'f': 1, '~': 7}
{'Expected classes': 7, 'fid': '104'}
{'"': 7, '+': 4, 'F': 8, 'L': 1, 'Q': 5, 'V': 2, '|': 3, '~': 6}
{'Expected classes': 8, 'fid': '214'}
{'+': 3, 'A': 2, 'N': 1, 'V': 4}
{'Expected classes': 4, 'fid': '100'}
{'+': 4, 'N': 3, 'V': 2, '~': 1}
{'Expected classes': 4, 'fid': '106'}
{'+': 8, 'A': 7, 'F': 9, 'N': 1, 'V': 3, 'j': 6, 'x': 5, '|': 4, '~': 2}
{'Expected classes': 9, 'fid': '108'}
{'+': 3, 'N': 1, 'V': 2, '~': 4}
{'Expected classes': 4, 'fid': '119'}
{'+': 4, 'A': 3, 'N': 1, '~': 2}
{'Expected classes': 4, 'fid': '103'}
{'+': 4, 'A': 3, 'N': 1, '~': 2}
{'Expected classes': 4, 'fid': '112'}
{'"': 7, '+': 4, 'A': 6, 'F': 5, 'N': 1, 'V': 3, 'x': 2}
{'Expected classes': 7, 'fid': '219'}
{'+': 4, 'A': 5, 'N': 1, 'V': 3, '~': 2}
{'Expected classes': 5, 'fid': '121'}
{'+': 4, 'A': 2, 'J': 6, 'N': 1, 'j': 3, '~': 5}
{'Expected classes': 6, 'fid': '222'}
{'+': 4, 'N': 2, 'V': 1, '~': 3}
{'Expected classes': 4, 'fid': '221'}
{'+': 3, 'A': 2, 'N': 1, 'V': 6, '|': 5, '~': 4}
{'Expected classes': 6, 'fid': '209'}
{'"': 6, '+': 5, 'A': 7, 'N': 1, 'V': 3, '|': 2, '~': 4}
{'Expected classes': 7, 'fid': '228'}
{'+': 3, '/': 1, 'N': 2, 'V': 5, 'f': 4}
{'Expected classes': 5, 'fid': '102'}
{'+': 6, 'A': 3, 'F': 7, 'N': 1, 'V': 2, 'a': 8, 'e': 4, '~': 5}
{'Expected classes': 8, 'fid': '223'}
