{ 'Class num': 3,
  'Expected classes': {'+': 3, 'N': 1, '|': 2},
  'Unmet annotations': {'|', '+'},
  'fid': '122'}
{ 'Class num': 3,
  'Expected classes': {'+': 3, 'N': 1, 'a': 2},
  'Unmet annotations': {'+'},
  'fid': '113'}
{ 'Class num': 5,
  'Expected classes': {'+': 5, 'N': 2, 'R': 1, '|': 4, '~': 3},
  'Unmet annotations': {'|', '~', '+'},
  'fid': '212'}
{ 'Class num': 5,
  'Expected classes': {'+': 5, 'F': 4, 'L': 1, 'V': 2, '~': 3},
  'Unmet annotations': {'~', '+'},
  'fid': '109'}
{ 'Class num': 7,
  'Expected classes': {'+': 2, 'A': 5, 'F': 4, 'N': 1, 'V': 3, '|': 6, '~': 7},
  'Unmet annotations': {'V', '~', '|', '+'},
  'fid': '205'}
{ 'Class num': 6,
  'Expected classes': {'+': 3, 'A': 5, 'F': 4, 'N': 1, 'V': 2, '|': 6},
  'Unmet annotations': {'|', 'F', '+'},
  'fid': '233'}
{ 'Class num': 6,
  'Expected classes': {'+': 3, 'A': 2, 'N': 1, 'Q': 6, '|': 4, '~': 5},
  'Unmet annotations': {'|', '~', 'Q', '+'},
  'fid': '101'}
{ 'Class num': 6,
  'Expected classes': {'+': 5, 'N': 1, 'Q': 6, 'V': 4, '|': 3, '~': 2},
  'Unmet annotations': {'|', '~', '+'},
  'fid': '105'}
{ 'Class num': 6,
  'Expected classes': {'+': 4, 'A': 6, 'F': 3, 'N': 1, 'V': 2, 'a': 5},
  'Unmet annotations': {'+'},
  'fid': '213'}
{ 'Class num': 8,
  'Expected classes': { '+': 4,
                        'F': 1,
                        'N': 3,
                        'Q': 6,
                        'S': 8,
                        'V': 2,
                        '|': 7,
                        '~': 5},
  'Unmet annotations': {'|', '~', 'Q', '+'},
  'fid': '208'}
{ 'Class num': 6,
  'Expected classes': {'+': 3, 'A': 4, 'F': 6, 'N': 2, 'V': 1, '~': 5},
  'Unmet annotations': {'~', 'F', '+'},
  'fid': '200'}
{ 'Class num': 5,
  'Expected classes': {'+': 4, 'J': 2, 'N': 1, 'V': 5, '~': 3},
  'Unmet annotations': {'V', '~', '+'},
  'fid': '234'}
{ 'Class num': 7,
  'Expected classes': {'"': 1, '+': 4, 'A': 5, 'N': 3, 'R': 2, 'V': 7, 'x': 6},
  'Unmet annotations': {'"', 'x', '+'},
  'fid': '231'}
{ 'Class num': 8,
  'Expected classes': { '+': 4,
                        'E': 8,
                        'F': 6,
                        'N': 1,
                        'V': 2,
                        'a': 5,
                        '|': 7,
                        '~': 3},
  'Unmet annotations': {'a', '~', 'E', '|', '+'},
  'fid': '210'}
{ 'Class num': 6,
  'Expected classes': {'+': 6, 'A': 4, 'R': 1, 'V': 3, 'x': 5, '~': 2},
  'Unmet annotations': {'x', '~', '+'},
  'fid': '118'}
{ 'Class num': 10,
  'Expected classes': { '+': 7,
                        'A': 4,
                        'F': 10,
                        'J': 9,
                        'N': 1,
                        'V': 2,
                        'a': 3,
                        'j': 8,
                        'x': 5,
                        '~': 6},
  'Unmet annotations': {'V', 'x', '~', 'F', '+', 'J'},
  'fid': '201'}
{ 'Class num': 4,
  'Expected classes': {'+': 4, 'L': 1, 'V': 3, '~': 2},
  'Unmet annotations': {'V', '~', '+'},
  'fid': '111'}
{ 'Class num': 8,
  'Expected classes': { '+': 3,
                        'A': 8,
                        'F': 5,
                        'J': 2,
                        'R': 1,
                        'V': 4,
                        'j': 6,
                        '~': 7},
  'Unmet annotations': {'V', '~', 'A', '+'},
  'fid': '124'}
{ 'Class num': 7,
  'Expected classes': {'+': 3, '/': 1, 'N': 5, 'V': 2, 'f': 4, '|': 7, '~': 6},
  'Unmet annotations': {'/', '~', '|', '+'},
  'fid': '217'}
{ 'Class num': 7,
  'Expected classes': {'+': 6, 'A': 3, 'F': 7, 'N': 1, 'V': 4, 'a': 2, '|': 5},
  'Unmet annotations': {'V', '+', 'F', '|'},
  'fid': '202'}
{ 'Class num': 8,
  'Expected classes': { '+': 5,
                        'F': 7,
                        'N': 1,
                        'Q': 6,
                        'V': 2,
                        'a': 8,
                        '|': 3,
                        '~': 4},
  'Unmet annotations': {'a', '~', '|', 'F', '+', 'Q'},
  'fid': '203'}
{ 'Class num': 7,
  'Expected classes': {'"': 5, '+': 6, 'A': 2, 'F': 7, 'N': 1, 'V': 4, '~': 3},
  'Unmet annotations': {'"', '~', 'A', 'F', '+'},
  'fid': '215'}
{ 'Class num': 7,
  'Expected classes': {'+': 6, '/': 2, 'N': 3, 'Q': 5, 'V': 7, 'f': 1, '~': 4},
  'Unmet annotations': {'V', '~', 'Q', '+'},
  'fid': '104'}
{ 'Class num': 8,
  'Expected classes': { '"': 7,
                        '+': 5,
                        'F': 8,
                        'L': 1,
                        'Q': 4,
                        'V': 2,
                        '|': 6,
                        '~': 3},
  'Unmet annotations': {'"', '|', '~', '+'},
  'fid': '214'}
{ 'Class num': 4,
  'Expected classes': {'+': 3, 'A': 2, 'N': 1, 'V': 4},
  'Unmet annotations': {'V', '+'},
  'fid': '100'}
{ 'Class num': 4,
  'Expected classes': {'+': 4, 'N': 1, 'V': 3, '~': 2},
  'Unmet annotations': {'~', '+'},
  'fid': '106'}
{ 'Class num': 9,
  'Expected classes': { '+': 8,
                        'A': 4,
                        'F': 6,
                        'N': 1,
                        'V': 3,
                        'j': 9,
                        'x': 7,
                        '|': 5,
                        '~': 2},
  'Unmet annotations': {'x', '~', 'A', '|', 'F', '+', 'j'},
  'fid': '108'}
{ 'Class num': 4,
  'Expected classes': {'+': 3, 'N': 1, 'V': 2, '~': 4},
  'Unmet annotations': {'~', '+'},
  'fid': '119'}
{ 'Class num': 4,
  'Expected classes': {'+': 4, 'A': 2, 'N': 1, '~': 3},
  'Unmet annotations': {'~', 'A', '+'},
  'fid': '103'}
{ 'Class num': 4,
  'Expected classes': {'+': 3, 'A': 4, 'N': 1, '~': 2},
  'Unmet annotations': {'~', 'A', '+'},
  'fid': '112'}
{ 'Class num': 7,
  'Expected classes': {'"': 7, '+': 4, 'A': 6, 'F': 5, 'N': 1, 'V': 3, 'x': 2},
  'Unmet annotations': {'"', 'x', 'F', '+'},
  'fid': '219'}
{ 'Class num': 5,
  'Expected classes': {'+': 3, 'A': 4, 'N': 1, 'V': 5, '~': 2},
  'Unmet annotations': {'V', '~', 'A', '+'},
  'fid': '121'}
{ 'Class num': 6,
  'Expected classes': {'+': 3, 'A': 4, 'J': 6, 'N': 1, 'j': 2, '~': 5},
  'Unmet annotations': {'~', '+'},
  'fid': '222'}
{ 'Class num': 4,
  'Expected classes': {'+': 3, 'N': 1, 'V': 2, '~': 4},
  'Unmet annotations': {'~', '+'},
  'fid': '221'}
{ 'Class num': 6,
  'Expected classes': {'+': 3, 'A': 2, 'N': 1, 'V': 6, '|': 5, '~': 4},
  'Unmet annotations': {'|', '~', 'V', '+'},
  'fid': '209'}
{ 'Class num': 7,
  'Expected classes': {'"': 7, '+': 3, 'A': 6, 'N': 1, 'V': 2, '|': 4, '~': 5},
  'Unmet annotations': {'"', '|', '~', '+'},
  'fid': '228'}
{ 'Class num': 5,
  'Expected classes': {'+': 4, '/': 1, 'N': 2, 'V': 5, 'f': 3},
  'Unmet annotations': {'V', '+'},
  'fid': '102'}
{ 'Class num': 8,
  'Expected classes': { '+': 5,
                        'A': 4,
                        'F': 6,
                        'N': 2,
                        'V': 1,
                        'a': 8,
                        'e': 7,
                        '~': 3},
  'Unmet annotations': {'a', '~', 'A', 'e', '+'},
  'fid': '223'}
